{"level":30,"time":1694696840377,"pid":2518,"hostname":"Davids-MacBook-Pro.local","msg":"--------------- Scenario: GetBlueCardAppointment [START] ---------------"}
{"level":30,"time":1694696844404,"pid":2518,"hostname":"Davids-MacBook-Pro.local","msg":"Click on book appointment button."}
{"level":30,"time":1694696855508,"pid":2518,"hostname":"Davids-MacBook-Pro.local","msg":"Tick accept terms checkbox."}
{"level":30,"time":1694696855533,"pid":2518,"hostname":"Davids-MacBook-Pro.local","msg":"Click on 'Next' button."}
{"level":30,"time":1694696901519,"pid":2518,"hostname":"Davids-MacBook-Pro.local","msg":"Select citizenship: Kanada"}
{"level":30,"time":1694696901646,"pid":2518,"hostname":"Davids-MacBook-Pro.local","msg":"Select number of applicants: eine Person"}
{"level":30,"time":1694696901680,"pid":2518,"hostname":"Davids-MacBook-Pro.local","msg":"Select with relatives: nein"}
{"level":30,"time":1694696902633,"pid":2518,"hostname":"Davids-MacBook-Pro.local","msg":"--------------- Scenario: GetBlueCardAppointment [END] ---------------"}
{"level":50,"time":1694696902633,"pid":2518,"hostname":"Davids-MacBook-Pro.local","msg":"Expected error encountered: UIError"}
{"level":30,"time":1694696902689,"pid":2518,"hostname":"Davids-MacBook-Pro.local","msg":"--------------- Scenario: GetBlueCardAppointment [START] ---------------"}
{"level":30,"time":1694696907272,"pid":2518,"hostname":"Davids-MacBook-Pro.local","msg":"Click on book appointment button."}
{"level":30,"time":1694696916257,"pid":2518,"hostname":"Davids-MacBook-Pro.local","msg":"Tick accept terms checkbox."}
{"level":30,"time":1694696916280,"pid":2518,"hostname":"Davids-MacBook-Pro.local","msg":"Click on 'Next' button."}
{"level":30,"time":1694696958409,"pid":2518,"hostname":"Davids-MacBook-Pro.local","msg":"Select citizenship: Kanada"}
{"level":30,"time":1694696958542,"pid":2518,"hostname":"Davids-MacBook-Pro.local","msg":"Select number of applicants: eine Person"}
{"level":30,"time":1694696958576,"pid":2518,"hostname":"Davids-MacBook-Pro.local","msg":"Select with relatives: nein"}
{"level":30,"time":1694696960465,"pid":2518,"hostname":"Davids-MacBook-Pro.local","msg":"--------------- Scenario: GetBlueCardAppointment [END] ---------------"}
{"level":50,"time":1694696960465,"pid":2518,"hostname":"Davids-MacBook-Pro.local","msg":"Expected error encountered: UIError"}
{"level":30,"time":1694696960521,"pid":2518,"hostname":"Davids-MacBook-Pro.local","msg":"--------------- Scenario: GetBlueCardAppointment [START] ---------------"}
{"level":30,"time":1694696963465,"pid":2518,"hostname":"Davids-MacBook-Pro.local","msg":"Click on book appointment button."}
{"level":30,"time":1694696970156,"pid":2518,"hostname":"Davids-MacBook-Pro.local","msg":"Tick accept terms checkbox."}
{"level":30,"time":1694696970178,"pid":2518,"hostname":"Davids-MacBook-Pro.local","msg":"Click on 'Next' button."}
{"level":30,"time":1694697014622,"pid":2518,"hostname":"Davids-MacBook-Pro.local","msg":"Select citizenship: Kanada"}
{"level":30,"time":1694697014750,"pid":2518,"hostname":"Davids-MacBook-Pro.local","msg":"Select number of applicants: eine Person"}
{"level":30,"time":1694697014785,"pid":2518,"hostname":"Davids-MacBook-Pro.local","msg":"Select with relatives: nein"}
{"level":30,"time":1694697016310,"pid":2518,"hostname":"Davids-MacBook-Pro.local","msg":"--------------- Scenario: GetBlueCardAppointment [END] ---------------"}
{"level":50,"time":1694697016310,"pid":2518,"hostname":"Davids-MacBook-Pro.local","msg":"Expected error encountered: UIError"}
{"level":30,"time":1694697016364,"pid":2518,"hostname":"Davids-MacBook-Pro.local","msg":"--------------- Scenario: GetBlueCardAppointment [START] ---------------"}
{"level":30,"time":1694697024010,"pid":2518,"hostname":"Davids-MacBook-Pro.local","msg":"Click on book appointment button."}
{"level":30,"time":1694697042130,"pid":2518,"hostname":"Davids-MacBook-Pro.local","msg":"Tick accept terms checkbox."}
{"level":30,"time":1694697042152,"pid":2518,"hostname":"Davids-MacBook-Pro.local","msg":"Click on 'Next' button."}
{"level":30,"time":1694697079258,"pid":2518,"hostname":"Davids-MacBook-Pro.local","msg":"Select citizenship: Kanada"}
{"level":30,"time":1694697079377,"pid":2518,"hostname":"Davids-MacBook-Pro.local","msg":"Select number of applicants: eine Person"}
{"level":30,"time":1694697079411,"pid":2518,"hostname":"Davids-MacBook-Pro.local","msg":"Select with relatives: nein"}
{"level":30,"time":1694697079659,"pid":2518,"hostname":"Davids-MacBook-Pro.local","msg":"--------------- Scenario: GetBlueCardAppointment [END] ---------------"}
{"level":50,"time":1694697079659,"pid":2518,"hostname":"Davids-MacBook-Pro.local","msg":"Expected error encountered: UIError"}
{"level":30,"time":1694697079718,"pid":2518,"hostname":"Davids-MacBook-Pro.local","msg":"--------------- Scenario: GetBlueCardAppointment [START] ---------------"}
{"level":30,"time":1694697081487,"pid":2518,"hostname":"Davids-MacBook-Pro.local","msg":"Click on book appointment button."}
{"level":30,"time":1694697093655,"pid":2518,"hostname":"Davids-MacBook-Pro.local","msg":"Tick accept terms checkbox."}
{"level":30,"time":1694697093685,"pid":2518,"hostname":"Davids-MacBook-Pro.local","msg":"Click on 'Next' button."}
{"level":30,"time":1694697135436,"pid":2518,"hostname":"Davids-MacBook-Pro.local","msg":"Select citizenship: Kanada"}
{"level":30,"time":1694697135555,"pid":2518,"hostname":"Davids-MacBook-Pro.local","msg":"Select number of applicants: eine Person"}
{"level":30,"time":1694697135593,"pid":2518,"hostname":"Davids-MacBook-Pro.local","msg":"Select with relatives: nein"}
{"level":30,"time":1694697135847,"pid":2518,"hostname":"Davids-MacBook-Pro.local","msg":"--------------- Scenario: GetBlueCardAppointment [END] ---------------"}
{"level":50,"time":1694697135847,"pid":2518,"hostname":"Davids-MacBook-Pro.local","msg":"Expected error encountered: UIError"}
{"level":30,"time":1694697135903,"pid":2518,"hostname":"Davids-MacBook-Pro.local","msg":"--------------- Scenario: GetBlueCardAppointment [START] ---------------"}
{"level":30,"time":1694697137950,"pid":2518,"hostname":"Davids-MacBook-Pro.local","msg":"Click on book appointment button."}
{"level":30,"time":1694697158551,"pid":2518,"hostname":"Davids-MacBook-Pro.local","msg":"Tick accept terms checkbox."}
{"level":30,"time":1694697158597,"pid":2518,"hostname":"Davids-MacBook-Pro.local","msg":"Click on 'Next' button."}
{"level":30,"time":1694697218836,"pid":2518,"hostname":"Davids-MacBook-Pro.local","msg":"--------------- Scenario: GetBlueCardAppointment [END] ---------------"}
{"level":50,"time":1694697218836,"pid":2518,"hostname":"Davids-MacBook-Pro.local","msg":"Expected error encountered: InfiniteSpinnerError"}
{"level":30,"time":1694697218894,"pid":2518,"hostname":"Davids-MacBook-Pro.local","msg":"--------------- Scenario: GetBlueCardAppointment [START] ---------------"}
{"level":30,"time":1694697221846,"pid":2518,"hostname":"Davids-MacBook-Pro.local","msg":"Click on book appointment button."}
{"level":30,"time":1694697231894,"pid":2518,"hostname":"Davids-MacBook-Pro.local","msg":"Tick accept terms checkbox."}
{"level":30,"time":1694697231926,"pid":2518,"hostname":"Davids-MacBook-Pro.local","msg":"Click on 'Next' button."}
{"level":30,"time":1694697256543,"pid":2518,"hostname":"Davids-MacBook-Pro.local","msg":"Select citizenship: Kanada"}
{"level":30,"time":1694697256679,"pid":2518,"hostname":"Davids-MacBook-Pro.local","msg":"Select number of applicants: eine Person"}
{"level":30,"time":1694697256713,"pid":2518,"hostname":"Davids-MacBook-Pro.local","msg":"Select with relatives: nein"}
{"level":30,"time":1694697257673,"pid":2518,"hostname":"Davids-MacBook-Pro.local","msg":"--------------- Scenario: GetBlueCardAppointment [END] ---------------"}
{"level":50,"time":1694697257673,"pid":2518,"hostname":"Davids-MacBook-Pro.local","msg":"Expected error encountered: UIError"}
{"level":30,"time":1694697257729,"pid":2518,"hostname":"Davids-MacBook-Pro.local","msg":"--------------- Scenario: GetBlueCardAppointment [START] ---------------"}
{"level":30,"time":1694697261133,"pid":2518,"hostname":"Davids-MacBook-Pro.local","msg":"Click on book appointment button."}
{"level":30,"time":1694697269613,"pid":2518,"hostname":"Davids-MacBook-Pro.local","msg":"Tick accept terms checkbox."}
{"level":30,"time":1694697269635,"pid":2518,"hostname":"Davids-MacBook-Pro.local","msg":"Click on 'Next' button."}
{"level":30,"time":1694697298999,"pid":2518,"hostname":"Davids-MacBook-Pro.local","msg":"Select citizenship: Kanada"}
{"level":30,"time":1694697299128,"pid":2518,"hostname":"Davids-MacBook-Pro.local","msg":"Select number of applicants: eine Person"}
{"level":30,"time":1694697299162,"pid":2518,"hostname":"Davids-MacBook-Pro.local","msg":"Select with relatives: nein"}
{"level":30,"time":1694697299852,"pid":2518,"hostname":"Davids-MacBook-Pro.local","msg":"--------------- Scenario: GetBlueCardAppointment [END] ---------------"}
{"level":50,"time":1694697299852,"pid":2518,"hostname":"Davids-MacBook-Pro.local","msg":"Expected error encountered: UIError"}
{"level":30,"time":1694697299908,"pid":2518,"hostname":"Davids-MacBook-Pro.local","msg":"--------------- Scenario: GetBlueCardAppointment [START] ---------------"}
{"level":30,"time":1694697305298,"pid":2518,"hostname":"Davids-MacBook-Pro.local","msg":"Click on book appointment button."}
{"level":30,"time":1694697318725,"pid":2518,"hostname":"Davids-MacBook-Pro.local","msg":"Tick accept terms checkbox."}
{"level":30,"time":1694697318759,"pid":2518,"hostname":"Davids-MacBook-Pro.local","msg":"Click on 'Next' button."}
{"level":30,"time":1694697343913,"pid":2518,"hostname":"Davids-MacBook-Pro.local","msg":"Select citizenship: Kanada"}
{"level":30,"time":1694697344038,"pid":2518,"hostname":"Davids-MacBook-Pro.local","msg":"Select number of applicants: eine Person"}
{"level":30,"time":1694697344073,"pid":2518,"hostname":"Davids-MacBook-Pro.local","msg":"Select with relatives: nein"}
{"level":30,"time":1694697344351,"pid":2518,"hostname":"Davids-MacBook-Pro.local","msg":"--------------- Scenario: GetBlueCardAppointment [END] ---------------"}
{"level":50,"time":1694697344351,"pid":2518,"hostname":"Davids-MacBook-Pro.local","msg":"Expected error encountered: UIError"}
{"level":30,"time":1694697344406,"pid":2518,"hostname":"Davids-MacBook-Pro.local","msg":"--------------- Scenario: GetBlueCardAppointment [START] ---------------"}
{"level":30,"time":1694697346253,"pid":2518,"hostname":"Davids-MacBook-Pro.local","msg":"Click on book appointment button."}
{"level":30,"time":1694697367469,"pid":2518,"hostname":"Davids-MacBook-Pro.local","msg":"Tick accept terms checkbox."}
{"level":30,"time":1694697367504,"pid":2518,"hostname":"Davids-MacBook-Pro.local","msg":"Click on 'Next' button."}
{"level":30,"time":1694697411556,"pid":2518,"hostname":"Davids-MacBook-Pro.local","msg":"Select citizenship: Kanada"}
{"level":30,"time":1694697411687,"pid":2518,"hostname":"Davids-MacBook-Pro.local","msg":"Select number of applicants: eine Person"}
{"level":30,"time":1694697411722,"pid":2518,"hostname":"Davids-MacBook-Pro.local","msg":"Select with relatives: nein"}
{"level":30,"time":1694697412004,"pid":2518,"hostname":"Davids-MacBook-Pro.local","msg":"--------------- Scenario: GetBlueCardAppointment [END] ---------------"}
{"level":50,"time":1694697412004,"pid":2518,"hostname":"Davids-MacBook-Pro.local","msg":"Expected error encountered: UIError"}
{"level":30,"time":1694697412060,"pid":2518,"hostname":"Davids-MacBook-Pro.local","msg":"--------------- Scenario: GetBlueCardAppointment [START] ---------------"}
{"level":30,"time":1694697414994,"pid":2518,"hostname":"Davids-MacBook-Pro.local","msg":"Click on book appointment button."}
{"level":30,"time":1694697434423,"pid":2518,"hostname":"Davids-MacBook-Pro.local","msg":"Tick accept terms checkbox."}
{"level":30,"time":1694697434447,"pid":2518,"hostname":"Davids-MacBook-Pro.local","msg":"Click on 'Next' button."}
{"level":30,"time":1694697488244,"pid":2518,"hostname":"Davids-MacBook-Pro.local","msg":"Select citizenship: Kanada"}
{"level":30,"time":1694697488384,"pid":2518,"hostname":"Davids-MacBook-Pro.local","msg":"Select number of applicants: eine Person"}
{"level":30,"time":1694697488417,"pid":2518,"hostname":"Davids-MacBook-Pro.local","msg":"Select with relatives: nein"}
{"level":30,"time":1694697489667,"pid":2518,"hostname":"Davids-MacBook-Pro.local","msg":"--------------- Scenario: GetBlueCardAppointment [END] ---------------"}
{"level":50,"time":1694697489667,"pid":2518,"hostname":"Davids-MacBook-Pro.local","msg":"Expected error encountered: UIError"}
{"level":30,"time":1694697489729,"pid":2518,"hostname":"Davids-MacBook-Pro.local","msg":"--------------- Scenario: GetBlueCardAppointment [START] ---------------"}
{"level":30,"time":1694697492185,"pid":2518,"hostname":"Davids-MacBook-Pro.local","msg":"Click on book appointment button."}
{"level":30,"time":1694697497183,"pid":2518,"hostname":"Davids-MacBook-Pro.local","msg":"Tick accept terms checkbox."}
{"level":30,"time":1694697497206,"pid":2518,"hostname":"Davids-MacBook-Pro.local","msg":"Click on 'Next' button."}
{"level":30,"time":1694697550730,"pid":2518,"hostname":"Davids-MacBook-Pro.local","msg":"Select citizenship: Kanada"}
{"level":30,"time":1694697550858,"pid":2518,"hostname":"Davids-MacBook-Pro.local","msg":"Select number of applicants: eine Person"}
{"level":30,"time":1694697550895,"pid":2518,"hostname":"Davids-MacBook-Pro.local","msg":"Select with relatives: nein"}
{"level":30,"time":1694697552251,"pid":2518,"hostname":"Davids-MacBook-Pro.local","msg":"--------------- Scenario: GetBlueCardAppointment [END] ---------------"}
{"level":50,"time":1694697552251,"pid":2518,"hostname":"Davids-MacBook-Pro.local","msg":"Expected error encountered: UIError"}
{"level":30,"time":1694697552310,"pid":2518,"hostname":"Davids-MacBook-Pro.local","msg":"--------------- Scenario: GetBlueCardAppointment [START] ---------------"}
{"level":30,"time":1694697555342,"pid":2518,"hostname":"Davids-MacBook-Pro.local","msg":"Click on book appointment button."}
{"level":30,"time":1694697563455,"pid":2518,"hostname":"Davids-MacBook-Pro.local","msg":"Tick accept terms checkbox."}
{"level":30,"time":1694697563480,"pid":2518,"hostname":"Davids-MacBook-Pro.local","msg":"Click on 'Next' button."}
{"level":30,"time":1694697606596,"pid":2518,"hostname":"Davids-MacBook-Pro.local","msg":"Select citizenship: Kanada"}
{"level":30,"time":1694697606726,"pid":2518,"hostname":"Davids-MacBook-Pro.local","msg":"Select number of applicants: eine Person"}
{"level":30,"time":1694697606763,"pid":2518,"hostname":"Davids-MacBook-Pro.local","msg":"Select with relatives: nein"}
{"level":30,"time":1694697607439,"pid":2518,"hostname":"Davids-MacBook-Pro.local","msg":"--------------- Scenario: GetBlueCardAppointment [END] ---------------"}
{"level":50,"time":1694697607439,"pid":2518,"hostname":"Davids-MacBook-Pro.local","msg":"Expected error encountered: UIError"}
{"level":30,"time":1694697607492,"pid":2518,"hostname":"Davids-MacBook-Pro.local","msg":"--------------- Scenario: GetBlueCardAppointment [START] ---------------"}
{"level":30,"time":1694697609536,"pid":2518,"hostname":"Davids-MacBook-Pro.local","msg":"Click on book appointment button."}
{"level":30,"time":1694697616807,"pid":2518,"hostname":"Davids-MacBook-Pro.local","msg":"Tick accept terms checkbox."}
{"level":30,"time":1694697616843,"pid":2518,"hostname":"Davids-MacBook-Pro.local","msg":"Click on 'Next' button."}
{"level":30,"time":1694697662637,"pid":2518,"hostname":"Davids-MacBook-Pro.local","msg":"Select citizenship: Kanada"}
{"level":30,"time":1694697662782,"pid":2518,"hostname":"Davids-MacBook-Pro.local","msg":"Select number of applicants: eine Person"}
{"level":30,"time":1694697662815,"pid":2518,"hostname":"Davids-MacBook-Pro.local","msg":"Select with relatives: nein"}
{"level":30,"time":1694697663933,"pid":2518,"hostname":"Davids-MacBook-Pro.local","msg":"--------------- Scenario: GetBlueCardAppointment [END] ---------------"}
{"level":50,"time":1694697663933,"pid":2518,"hostname":"Davids-MacBook-Pro.local","msg":"Expected error encountered: UIError"}
{"level":30,"time":1694697664004,"pid":2518,"hostname":"Davids-MacBook-Pro.local","msg":"--------------- Scenario: GetBlueCardAppointment [START] ---------------"}
{"level":30,"time":1694697665761,"pid":2518,"hostname":"Davids-MacBook-Pro.local","msg":"Click on book appointment button."}
{"level":30,"time":1694697672565,"pid":2518,"hostname":"Davids-MacBook-Pro.local","msg":"Tick accept terms checkbox."}
{"level":30,"time":1694697672599,"pid":2518,"hostname":"Davids-MacBook-Pro.local","msg":"Click on 'Next' button."}
{"level":30,"time":1694697719826,"pid":2518,"hostname":"Davids-MacBook-Pro.local","msg":"Select citizenship: Kanada"}
{"level":30,"time":1694697719955,"pid":2518,"hostname":"Davids-MacBook-Pro.local","msg":"Select number of applicants: eine Person"}
{"level":30,"time":1694697719989,"pid":2518,"hostname":"Davids-MacBook-Pro.local","msg":"Select with relatives: nein"}
{"level":30,"time":1694697721326,"pid":2518,"hostname":"Davids-MacBook-Pro.local","msg":"--------------- Scenario: GetBlueCardAppointment [END] ---------------"}
{"level":50,"time":1694697721326,"pid":2518,"hostname":"Davids-MacBook-Pro.local","msg":"Expected error encountered: UIError"}
{"level":30,"time":1694697721383,"pid":2518,"hostname":"Davids-MacBook-Pro.local","msg":"--------------- Scenario: GetBlueCardAppointment [START] ---------------"}
{"level":30,"time":1694697725161,"pid":2518,"hostname":"Davids-MacBook-Pro.local","msg":"Click on book appointment button."}
{"level":30,"time":1694697733170,"pid":2518,"hostname":"Davids-MacBook-Pro.local","msg":"Tick accept terms checkbox."}
{"level":30,"time":1694697733197,"pid":2518,"hostname":"Davids-MacBook-Pro.local","msg":"Click on 'Next' button."}
{"level":30,"time":1694697793429,"pid":2518,"hostname":"Davids-MacBook-Pro.local","msg":"--------------- Scenario: GetBlueCardAppointment [END] ---------------"}
{"level":50,"time":1694697793429,"pid":2518,"hostname":"Davids-MacBook-Pro.local","msg":"Expected error encountered: InfiniteSpinnerError"}
{"level":30,"time":1694697793485,"pid":2518,"hostname":"Davids-MacBook-Pro.local","msg":"--------------- Scenario: GetBlueCardAppointment [START] ---------------"}
{"level":30,"time":1694697805240,"pid":2518,"hostname":"Davids-MacBook-Pro.local","msg":"Click on book appointment button."}
{"level":30,"time":1694697823898,"pid":2518,"hostname":"Davids-MacBook-Pro.local","msg":"Tick accept terms checkbox."}
{"level":30,"time":1694697823919,"pid":2518,"hostname":"Davids-MacBook-Pro.local","msg":"Click on 'Next' button."}
{"level":30,"time":1694697856668,"pid":2518,"hostname":"Davids-MacBook-Pro.local","msg":"Select citizenship: Kanada"}
{"level":30,"time":1694697856800,"pid":2518,"hostname":"Davids-MacBook-Pro.local","msg":"Select number of applicants: eine Person"}
{"level":30,"time":1694697856839,"pid":2518,"hostname":"Davids-MacBook-Pro.local","msg":"Select with relatives: nein"}
{"level":30,"time":1694697857094,"pid":2518,"hostname":"Davids-MacBook-Pro.local","msg":"--------------- Scenario: GetBlueCardAppointment [END] ---------------"}
{"level":50,"time":1694697857094,"pid":2518,"hostname":"Davids-MacBook-Pro.local","msg":"Expected error encountered: UIError"}
{"level":30,"time":1694697857150,"pid":2518,"hostname":"Davids-MacBook-Pro.local","msg":"--------------- Scenario: GetBlueCardAppointment [START] ---------------"}
{"level":30,"time":1694697860864,"pid":2518,"hostname":"Davids-MacBook-Pro.local","msg":"Click on book appointment button."}
{"level":30,"time":1694697867278,"pid":2518,"hostname":"Davids-MacBook-Pro.local","msg":"Tick accept terms checkbox."}
{"level":30,"time":1694697867302,"pid":2518,"hostname":"Davids-MacBook-Pro.local","msg":"Click on 'Next' button."}
{"level":30,"time":1694697899509,"pid":2518,"hostname":"Davids-MacBook-Pro.local","msg":"Select citizenship: Kanada"}
{"level":30,"time":1694697899637,"pid":2518,"hostname":"Davids-MacBook-Pro.local","msg":"Select number of applicants: eine Person"}
{"level":30,"time":1694697899671,"pid":2518,"hostname":"Davids-MacBook-Pro.local","msg":"Select with relatives: nein"}
{"level":30,"time":1694697900292,"pid":2518,"hostname":"Davids-MacBook-Pro.local","msg":"--------------- Scenario: GetBlueCardAppointment [END] ---------------"}
{"level":50,"time":1694697900292,"pid":2518,"hostname":"Davids-MacBook-Pro.local","msg":"Expected error encountered: UIError"}
{"level":30,"time":1694697900348,"pid":2518,"hostname":"Davids-MacBook-Pro.local","msg":"--------------- Scenario: GetBlueCardAppointment [START] ---------------"}
{"level":30,"time":1694697903273,"pid":2518,"hostname":"Davids-MacBook-Pro.local","msg":"Click on book appointment button."}
{"level":30,"time":1694697920837,"pid":2518,"hostname":"Davids-MacBook-Pro.local","msg":"Tick accept terms checkbox."}
{"level":30,"time":1694697920860,"pid":2518,"hostname":"Davids-MacBook-Pro.local","msg":"Click on 'Next' button."}
{"level":30,"time":1694697952890,"pid":2518,"hostname":"Davids-MacBook-Pro.local","msg":"Select citizenship: Kanada"}
{"level":30,"time":1694697953021,"pid":2518,"hostname":"Davids-MacBook-Pro.local","msg":"Select number of applicants: eine Person"}
{"level":30,"time":1694697953055,"pid":2518,"hostname":"Davids-MacBook-Pro.local","msg":"Select with relatives: nein"}
{"level":30,"time":1694697953299,"pid":2518,"hostname":"Davids-MacBook-Pro.local","msg":"--------------- Scenario: GetBlueCardAppointment [END] ---------------"}
{"level":50,"time":1694697953299,"pid":2518,"hostname":"Davids-MacBook-Pro.local","msg":"Expected error encountered: UIError"}
{"level":30,"time":1694697953354,"pid":2518,"hostname":"Davids-MacBook-Pro.local","msg":"--------------- Scenario: GetBlueCardAppointment [START] ---------------"}
{"level":30,"time":1694697955428,"pid":2518,"hostname":"Davids-MacBook-Pro.local","msg":"Click on book appointment button."}
{"level":30,"time":1694697982139,"pid":2518,"hostname":"Davids-MacBook-Pro.local","msg":"Tick accept terms checkbox."}
{"level":30,"time":1694697982168,"pid":2518,"hostname":"Davids-MacBook-Pro.local","msg":"Click on 'Next' button."}
{"level":30,"time":1694698013762,"pid":2518,"hostname":"Davids-MacBook-Pro.local","msg":"Select citizenship: Kanada"}
{"level":30,"time":1694698013881,"pid":2518,"hostname":"Davids-MacBook-Pro.local","msg":"Select number of applicants: eine Person"}
{"level":30,"time":1694698013915,"pid":2518,"hostname":"Davids-MacBook-Pro.local","msg":"Select with relatives: nein"}
{"level":30,"time":1694698014590,"pid":2518,"hostname":"Davids-MacBook-Pro.local","msg":"--------------- Scenario: GetBlueCardAppointment [END] ---------------"}
{"level":50,"time":1694698014590,"pid":2518,"hostname":"Davids-MacBook-Pro.local","msg":"Expected error encountered: UIError"}
{"level":30,"time":1694698014646,"pid":2518,"hostname":"Davids-MacBook-Pro.local","msg":"--------------- Scenario: GetBlueCardAppointment [START] ---------------"}
{"level":30,"time":1694698019441,"pid":2518,"hostname":"Davids-MacBook-Pro.local","msg":"Click on book appointment button."}
{"level":30,"time":1694698034645,"pid":2518,"hostname":"Davids-MacBook-Pro.local","msg":"Tick accept terms checkbox."}
{"level":30,"time":1694698034668,"pid":2518,"hostname":"Davids-MacBook-Pro.local","msg":"Click on 'Next' button."}
{"level":30,"time":1694698077695,"pid":2518,"hostname":"Davids-MacBook-Pro.local","msg":"Select citizenship: Kanada"}
{"level":30,"time":1694698077823,"pid":2518,"hostname":"Davids-MacBook-Pro.local","msg":"Select number of applicants: eine Person"}
{"level":30,"time":1694698077857,"pid":2518,"hostname":"Davids-MacBook-Pro.local","msg":"Select with relatives: nein"}
{"level":30,"time":1694698079105,"pid":2518,"hostname":"Davids-MacBook-Pro.local","msg":"--------------- Scenario: GetBlueCardAppointment [END] ---------------"}
{"level":50,"time":1694698079106,"pid":2518,"hostname":"Davids-MacBook-Pro.local","msg":"Expected error encountered: UIError"}
{"level":30,"time":1694698079158,"pid":2518,"hostname":"Davids-MacBook-Pro.local","msg":"--------------- Scenario: GetBlueCardAppointment [START] ---------------"}
{"level":30,"time":1694698082424,"pid":2518,"hostname":"Davids-MacBook-Pro.local","msg":"Click on book appointment button."}
{"level":30,"time":1694698090208,"pid":2518,"hostname":"Davids-MacBook-Pro.local","msg":"Tick accept terms checkbox."}
{"level":30,"time":1694698090245,"pid":2518,"hostname":"Davids-MacBook-Pro.local","msg":"Click on 'Next' button."}
{"level":30,"time":1694698132402,"pid":2518,"hostname":"Davids-MacBook-Pro.local","msg":"Select citizenship: Kanada"}
{"level":30,"time":1694698132536,"pid":2518,"hostname":"Davids-MacBook-Pro.local","msg":"Select number of applicants: eine Person"}
{"level":30,"time":1694698132571,"pid":2518,"hostname":"Davids-MacBook-Pro.local","msg":"Select with relatives: nein"}
{"level":30,"time":1694698132827,"pid":2518,"hostname":"Davids-MacBook-Pro.local","msg":"--------------- Scenario: GetBlueCardAppointment [END] ---------------"}
{"level":50,"time":1694698132827,"pid":2518,"hostname":"Davids-MacBook-Pro.local","msg":"Expected error encountered: UIError"}
{"level":30,"time":1694698132881,"pid":2518,"hostname":"Davids-MacBook-Pro.local","msg":"--------------- Scenario: GetBlueCardAppointment [START] ---------------"}
{"level":30,"time":1694698134550,"pid":2518,"hostname":"Davids-MacBook-Pro.local","msg":"Click on book appointment button."}
{"level":30,"time":1694698149514,"pid":2518,"hostname":"Davids-MacBook-Pro.local","msg":"Tick accept terms checkbox."}
{"level":30,"time":1694698149535,"pid":2518,"hostname":"Davids-MacBook-Pro.local","msg":"Click on 'Next' button."}
{"level":30,"time":1694698197192,"pid":2518,"hostname":"Davids-MacBook-Pro.local","msg":"Select citizenship: Kanada"}
{"level":30,"time":1694698197323,"pid":2518,"hostname":"Davids-MacBook-Pro.local","msg":"Select number of applicants: eine Person"}
{"level":30,"time":1694698197356,"pid":2518,"hostname":"Davids-MacBook-Pro.local","msg":"Select with relatives: nein"}
{"level":30,"time":1694698198177,"pid":2518,"hostname":"Davids-MacBook-Pro.local","msg":"--------------- Scenario: GetBlueCardAppointment [END] ---------------"}
{"level":50,"time":1694698198177,"pid":2518,"hostname":"Davids-MacBook-Pro.local","msg":"Expected error encountered: UIError"}
{"level":30,"time":1694698198238,"pid":2518,"hostname":"Davids-MacBook-Pro.local","msg":"--------------- Scenario: GetBlueCardAppointment [START] ---------------"}
{"level":30,"time":1694698200962,"pid":2518,"hostname":"Davids-MacBook-Pro.local","msg":"Click on book appointment button."}
{"level":30,"time":1694698219775,"pid":2518,"hostname":"Davids-MacBook-Pro.local","msg":"Tick accept terms checkbox."}
{"level":30,"time":1694698219801,"pid":2518,"hostname":"Davids-MacBook-Pro.local","msg":"Click on 'Next' button."}
{"level":30,"time":1694698279870,"pid":2518,"hostname":"Davids-MacBook-Pro.local","msg":"--------------- Scenario: GetBlueCardAppointment [END] ---------------"}
{"level":50,"time":1694698279870,"pid":2518,"hostname":"Davids-MacBook-Pro.local","msg":"Expected error encountered: InfiniteSpinnerError"}
{"level":30,"time":1694698279926,"pid":2518,"hostname":"Davids-MacBook-Pro.local","msg":"--------------- Scenario: GetBlueCardAppointment [START] ---------------"}
{"level":30,"time":1694698293315,"pid":2518,"hostname":"Davids-MacBook-Pro.local","msg":"Click on book appointment button."}
{"level":30,"time":1694698303342,"pid":2518,"hostname":"Davids-MacBook-Pro.local","msg":"Tick accept terms checkbox."}
{"level":30,"time":1694698303364,"pid":2518,"hostname":"Davids-MacBook-Pro.local","msg":"Click on 'Next' button."}
{"level":30,"time":1694698326349,"pid":2518,"hostname":"Davids-MacBook-Pro.local","msg":"Select citizenship: Kanada"}
{"level":30,"time":1694698326485,"pid":2518,"hostname":"Davids-MacBook-Pro.local","msg":"Select number of applicants: eine Person"}
{"level":30,"time":1694698326520,"pid":2518,"hostname":"Davids-MacBook-Pro.local","msg":"Select with relatives: nein"}
{"level":30,"time":1694698327309,"pid":2518,"hostname":"Davids-MacBook-Pro.local","msg":"--------------- Scenario: GetBlueCardAppointment [END] ---------------"}
{"level":50,"time":1694698327309,"pid":2518,"hostname":"Davids-MacBook-Pro.local","msg":"Expected error encountered: UIError"}
{"level":30,"time":1694698327364,"pid":2518,"hostname":"Davids-MacBook-Pro.local","msg":"--------------- Scenario: GetBlueCardAppointment [START] ---------------"}
{"level":30,"time":1694698334273,"pid":2518,"hostname":"Davids-MacBook-Pro.local","msg":"Click on book appointment button."}
{"level":30,"time":1694698424651,"pid":2518,"hostname":"Davids-MacBook-Pro.local","msg":"--------------- Scenario: GetBlueCardAppointment [END] ---------------"}
{"level":50,"time":1694698424651,"pid":2518,"hostname":"Davids-MacBook-Pro.local","msg":"Expected error encountered: ElementMissingFromPageError"}
{"level":30,"time":1694698424707,"pid":2518,"hostname":"Davids-MacBook-Pro.local","msg":"--------------- Scenario: GetBlueCardAppointment [START] ---------------"}
{"level":30,"time":1694698428164,"pid":2518,"hostname":"Davids-MacBook-Pro.local","msg":"Click on book appointment button."}
{"level":30,"time":1694698439621,"pid":2518,"hostname":"Davids-MacBook-Pro.local","msg":"Tick accept terms checkbox."}
{"level":30,"time":1694698439649,"pid":2518,"hostname":"Davids-MacBook-Pro.local","msg":"Click on 'Next' button."}
{"level":30,"time":1694698477717,"pid":2518,"hostname":"Davids-MacBook-Pro.local","msg":"Select citizenship: Kanada"}
{"level":30,"time":1694698477852,"pid":2518,"hostname":"Davids-MacBook-Pro.local","msg":"Select number of applicants: eine Person"}
{"level":30,"time":1694698477894,"pid":2518,"hostname":"Davids-MacBook-Pro.local","msg":"Select with relatives: nein"}
{"level":30,"time":1694698478352,"pid":2518,"hostname":"Davids-MacBook-Pro.local","msg":"--------------- Scenario: GetBlueCardAppointment [END] ---------------"}
{"level":50,"time":1694698478352,"pid":2518,"hostname":"Davids-MacBook-Pro.local","msg":"Expected error encountered: UIError"}
{"level":30,"time":1694698478406,"pid":2518,"hostname":"Davids-MacBook-Pro.local","msg":"--------------- Scenario: GetBlueCardAppointment [START] ---------------"}
{"level":30,"time":1694698480567,"pid":2518,"hostname":"Davids-MacBook-Pro.local","msg":"Click on book appointment button."}
{"level":30,"time":1694698487346,"pid":2518,"hostname":"Davids-MacBook-Pro.local","msg":"Tick accept terms checkbox."}
{"level":30,"time":1694698487367,"pid":2518,"hostname":"Davids-MacBook-Pro.local","msg":"Click on 'Next' button."}
{"level":30,"time":1694698529123,"pid":2518,"hostname":"Davids-MacBook-Pro.local","msg":"Select citizenship: Kanada"}
{"level":30,"time":1694698529250,"pid":2518,"hostname":"Davids-MacBook-Pro.local","msg":"Select number of applicants: eine Person"}
{"level":30,"time":1694698529287,"pid":2518,"hostname":"Davids-MacBook-Pro.local","msg":"Select with relatives: nein"}
{"level":30,"time":1694698529541,"pid":2518,"hostname":"Davids-MacBook-Pro.local","msg":"--------------- Scenario: GetBlueCardAppointment [END] ---------------"}
{"level":50,"time":1694698529541,"pid":2518,"hostname":"Davids-MacBook-Pro.local","msg":"Expected error encountered: UIError"}
{"level":30,"time":1694698529604,"pid":2518,"hostname":"Davids-MacBook-Pro.local","msg":"--------------- Scenario: GetBlueCardAppointment [START] ---------------"}
{"level":30,"time":1694698531981,"pid":2518,"hostname":"Davids-MacBook-Pro.local","msg":"Click on book appointment button."}
{"level":30,"time":1694698541829,"pid":2518,"hostname":"Davids-MacBook-Pro.local","msg":"Tick accept terms checkbox."}
{"level":30,"time":1694698541853,"pid":2518,"hostname":"Davids-MacBook-Pro.local","msg":"Click on 'Next' button."}
{"level":30,"time":1694698587599,"pid":2518,"hostname":"Davids-MacBook-Pro.local","msg":"Select citizenship: Kanada"}
{"level":30,"time":1694698587740,"pid":2518,"hostname":"Davids-MacBook-Pro.local","msg":"Select number of applicants: eine Person"}
{"level":30,"time":1694698587774,"pid":2518,"hostname":"Davids-MacBook-Pro.local","msg":"Select with relatives: nein"}
{"level":30,"time":1694698588015,"pid":2518,"hostname":"Davids-MacBook-Pro.local","msg":"--------------- Scenario: GetBlueCardAppointment [END] ---------------"}
{"level":50,"time":1694698588015,"pid":2518,"hostname":"Davids-MacBook-Pro.local","msg":"Expected error encountered: UIError"}
{"level":30,"time":1694698588070,"pid":2518,"hostname":"Davids-MacBook-Pro.local","msg":"--------------- Scenario: GetBlueCardAppointment [START] ---------------"}
{"level":30,"time":1694698594217,"pid":2518,"hostname":"Davids-MacBook-Pro.local","msg":"Click on book appointment button."}
{"level":30,"time":1694698604052,"pid":2518,"hostname":"Davids-MacBook-Pro.local","msg":"Tick accept terms checkbox."}
{"level":30,"time":1694698604076,"pid":2518,"hostname":"Davids-MacBook-Pro.local","msg":"Click on 'Next' button."}
{"level":30,"time":1694698643184,"pid":2518,"hostname":"Davids-MacBook-Pro.local","msg":"Select citizenship: Kanada"}
{"level":30,"time":1694698643315,"pid":2518,"hostname":"Davids-MacBook-Pro.local","msg":"Select number of applicants: eine Person"}
{"level":30,"time":1694698643348,"pid":2518,"hostname":"Davids-MacBook-Pro.local","msg":"Select with relatives: nein"}
{"level":30,"time":1694698644142,"pid":2518,"hostname":"Davids-MacBook-Pro.local","msg":"--------------- Scenario: GetBlueCardAppointment [END] ---------------"}
{"level":50,"time":1694698644142,"pid":2518,"hostname":"Davids-MacBook-Pro.local","msg":"Expected error encountered: UIError"}
{"level":30,"time":1694698644198,"pid":2518,"hostname":"Davids-MacBook-Pro.local","msg":"--------------- Scenario: GetBlueCardAppointment [START] ---------------"}
{"level":30,"time":1694698647358,"pid":2518,"hostname":"Davids-MacBook-Pro.local","msg":"Click on book appointment button."}
{"level":30,"time":1694698654655,"pid":2518,"hostname":"Davids-MacBook-Pro.local","msg":"Tick accept terms checkbox."}
{"level":30,"time":1694698654676,"pid":2518,"hostname":"Davids-MacBook-Pro.local","msg":"Click on 'Next' button."}
{"level":30,"time":1694698678649,"pid":2518,"hostname":"Davids-MacBook-Pro.local","msg":"Select citizenship: Kanada"}
{"level":30,"time":1694698678785,"pid":2518,"hostname":"Davids-MacBook-Pro.local","msg":"Select number of applicants: eine Person"}
{"level":30,"time":1694698678818,"pid":2518,"hostname":"Davids-MacBook-Pro.local","msg":"Select with relatives: nein"}
{"level":30,"time":1694698679946,"pid":2518,"hostname":"Davids-MacBook-Pro.local","msg":"--------------- Scenario: GetBlueCardAppointment [END] ---------------"}
{"level":50,"time":1694698679946,"pid":2518,"hostname":"Davids-MacBook-Pro.local","msg":"Expected error encountered: UIError"}
{"level":30,"time":1694698679998,"pid":2518,"hostname":"Davids-MacBook-Pro.local","msg":"--------------- Scenario: GetBlueCardAppointment [START] ---------------"}
{"level":30,"time":1694698681808,"pid":2518,"hostname":"Davids-MacBook-Pro.local","msg":"Click on book appointment button."}
{"level":30,"time":1694698687324,"pid":2518,"hostname":"Davids-MacBook-Pro.local","msg":"Tick accept terms checkbox."}
{"level":30,"time":1694698687351,"pid":2518,"hostname":"Davids-MacBook-Pro.local","msg":"Click on 'Next' button."}
{"level":30,"time":1694698714023,"pid":2518,"hostname":"Davids-MacBook-Pro.local","msg":"Select citizenship: Kanada"}
{"level":30,"time":1694698714159,"pid":2518,"hostname":"Davids-MacBook-Pro.local","msg":"Select number of applicants: eine Person"}
{"level":30,"time":1694698714193,"pid":2518,"hostname":"Davids-MacBook-Pro.local","msg":"Select with relatives: nein"}
{"level":30,"time":1694698715088,"pid":2518,"hostname":"Davids-MacBook-Pro.local","msg":"--------------- Scenario: GetBlueCardAppointment [END] ---------------"}
{"level":50,"time":1694698715088,"pid":2518,"hostname":"Davids-MacBook-Pro.local","msg":"Expected error encountered: UIError"}
{"level":30,"time":1694698715148,"pid":2518,"hostname":"Davids-MacBook-Pro.local","msg":"--------------- Scenario: GetBlueCardAppointment [START] ---------------"}
{"level":30,"time":1694698717602,"pid":2518,"hostname":"Davids-MacBook-Pro.local","msg":"Click on book appointment button."}
{"level":30,"time":1694698726857,"pid":2518,"hostname":"Davids-MacBook-Pro.local","msg":"Tick accept terms checkbox."}
{"level":30,"time":1694698726882,"pid":2518,"hostname":"Davids-MacBook-Pro.local","msg":"Click on 'Next' button."}
{"level":30,"time":1694698763315,"pid":2518,"hostname":"Davids-MacBook-Pro.local","msg":"Select citizenship: Kanada"}
{"level":30,"time":1694698763440,"pid":2518,"hostname":"Davids-MacBook-Pro.local","msg":"Select number of applicants: eine Person"}
{"level":30,"time":1694698763473,"pid":2518,"hostname":"Davids-MacBook-Pro.local","msg":"Select with relatives: nein"}
{"level":30,"time":1694698764597,"pid":2518,"hostname":"Davids-MacBook-Pro.local","msg":"--------------- Scenario: GetBlueCardAppointment [END] ---------------"}
{"level":50,"time":1694698764597,"pid":2518,"hostname":"Davids-MacBook-Pro.local","msg":"Expected error encountered: UIError"}
{"level":30,"time":1694698764653,"pid":2518,"hostname":"Davids-MacBook-Pro.local","msg":"--------------- Scenario: GetBlueCardAppointment [START] ---------------"}
{"level":30,"time":1694698767818,"pid":2518,"hostname":"Davids-MacBook-Pro.local","msg":"Click on book appointment button."}
{"level":30,"time":1694698789550,"pid":2518,"hostname":"Davids-MacBook-Pro.local","msg":"Tick accept terms checkbox."}
{"level":30,"time":1694698789571,"pid":2518,"hostname":"Davids-MacBook-Pro.local","msg":"Click on 'Next' button."}
{"level":30,"time":1694698837960,"pid":2518,"hostname":"Davids-MacBook-Pro.local","msg":"Select citizenship: Kanada"}
{"level":30,"time":1694698838092,"pid":2518,"hostname":"Davids-MacBook-Pro.local","msg":"Select number of applicants: eine Person"}
{"level":30,"time":1694698838126,"pid":2518,"hostname":"Davids-MacBook-Pro.local","msg":"Select with relatives: nein"}
{"level":30,"time":1694698838931,"pid":2518,"hostname":"Davids-MacBook-Pro.local","msg":"--------------- Scenario: GetBlueCardAppointment [END] ---------------"}
{"level":50,"time":1694698838931,"pid":2518,"hostname":"Davids-MacBook-Pro.local","msg":"Expected error encountered: UIError"}
{"level":30,"time":1694698838987,"pid":2518,"hostname":"Davids-MacBook-Pro.local","msg":"--------------- Scenario: GetBlueCardAppointment [START] ---------------"}
{"level":30,"time":1694698843273,"pid":2518,"hostname":"Davids-MacBook-Pro.local","msg":"Click on book appointment button."}
{"level":30,"time":1694698857833,"pid":2518,"hostname":"Davids-MacBook-Pro.local","msg":"Tick accept terms checkbox."}
{"level":30,"time":1694698857856,"pid":2518,"hostname":"Davids-MacBook-Pro.local","msg":"Click on 'Next' button."}
{"level":30,"time":1694698896119,"pid":2518,"hostname":"Davids-MacBook-Pro.local","msg":"Select citizenship: Kanada"}
{"level":30,"time":1694698896252,"pid":2518,"hostname":"Davids-MacBook-Pro.local","msg":"Select number of applicants: eine Person"}
{"level":30,"time":1694698896286,"pid":2518,"hostname":"Davids-MacBook-Pro.local","msg":"Select with relatives: nein"}
{"level":30,"time":1694698896899,"pid":2518,"hostname":"Davids-MacBook-Pro.local","msg":"--------------- Scenario: GetBlueCardAppointment [END] ---------------"}
{"level":50,"time":1694698896899,"pid":2518,"hostname":"Davids-MacBook-Pro.local","msg":"Expected error encountered: UIError"}
{"level":30,"time":1694698896953,"pid":2518,"hostname":"Davids-MacBook-Pro.local","msg":"--------------- Scenario: GetBlueCardAppointment [START] ---------------"}
{"level":30,"time":1694698902573,"pid":2518,"hostname":"Davids-MacBook-Pro.local","msg":"Click on book appointment button."}
{"level":30,"time":1694698917524,"pid":2518,"hostname":"Davids-MacBook-Pro.local","msg":"Tick accept terms checkbox."}
{"level":30,"time":1694698917566,"pid":2518,"hostname":"Davids-MacBook-Pro.local","msg":"Click on 'Next' button."}
{"level":30,"time":1694698948597,"pid":2518,"hostname":"Davids-MacBook-Pro.local","msg":"Select citizenship: Kanada"}
{"level":30,"time":1694698948729,"pid":2518,"hostname":"Davids-MacBook-Pro.local","msg":"Select number of applicants: eine Person"}
{"level":30,"time":1694698948762,"pid":2518,"hostname":"Davids-MacBook-Pro.local","msg":"Select with relatives: nein"}
{"level":30,"time":1694698950747,"pid":2518,"hostname":"Davids-MacBook-Pro.local","msg":"--------------- Scenario: GetBlueCardAppointment [END] ---------------"}
{"level":50,"time":1694698950747,"pid":2518,"hostname":"Davids-MacBook-Pro.local","msg":"Expected error encountered: UIError"}
{"level":30,"time":1694698950809,"pid":2518,"hostname":"Davids-MacBook-Pro.local","msg":"--------------- Scenario: GetBlueCardAppointment [START] ---------------"}
{"level":30,"time":1694698952650,"pid":2518,"hostname":"Davids-MacBook-Pro.local","msg":"Click on book appointment button."}
{"level":30,"time":1694698961989,"pid":2518,"hostname":"Davids-MacBook-Pro.local","msg":"Tick accept terms checkbox."}
{"level":30,"time":1694698962013,"pid":2518,"hostname":"Davids-MacBook-Pro.local","msg":"Click on 'Next' button."}
{"level":30,"time":1694698998497,"pid":2518,"hostname":"Davids-MacBook-Pro.local","msg":"Select citizenship: Kanada"}
{"level":30,"time":1694698998631,"pid":2518,"hostname":"Davids-MacBook-Pro.local","msg":"Select number of applicants: eine Person"}
{"level":30,"time":1694698998669,"pid":2518,"hostname":"Davids-MacBook-Pro.local","msg":"Select with relatives: nein"}
{"level":30,"time":1694698998935,"pid":2518,"hostname":"Davids-MacBook-Pro.local","msg":"--------------- Scenario: GetBlueCardAppointment [END] ---------------"}
{"level":50,"time":1694698998935,"pid":2518,"hostname":"Davids-MacBook-Pro.local","msg":"Expected error encountered: UIError"}
{"level":30,"time":1694698998986,"pid":2518,"hostname":"Davids-MacBook-Pro.local","msg":"--------------- Scenario: GetBlueCardAppointment [START] ---------------"}
{"level":30,"time":1694699001187,"pid":2518,"hostname":"Davids-MacBook-Pro.local","msg":"Click on book appointment button."}
{"level":30,"time":1694699021203,"pid":2518,"hostname":"Davids-MacBook-Pro.local","msg":"Tick accept terms checkbox."}
{"level":30,"time":1694699021231,"pid":2518,"hostname":"Davids-MacBook-Pro.local","msg":"Click on 'Next' button."}
{"level":30,"time":1694699061113,"pid":2518,"hostname":"Davids-MacBook-Pro.local","msg":"Select citizenship: Kanada"}
{"level":30,"time":1694699061220,"pid":2518,"hostname":"Davids-MacBook-Pro.local","msg":"Select number of applicants: eine Person"}
{"level":30,"time":1694699061255,"pid":2518,"hostname":"Davids-MacBook-Pro.local","msg":"Select with relatives: nein"}
{"level":30,"time":1694699061999,"pid":2518,"hostname":"Davids-MacBook-Pro.local","msg":"--------------- Scenario: GetBlueCardAppointment [END] ---------------"}
{"level":50,"time":1694699061999,"pid":2518,"hostname":"Davids-MacBook-Pro.local","msg":"Expected error encountered: UIError"}
{"level":30,"time":1694699062055,"pid":2518,"hostname":"Davids-MacBook-Pro.local","msg":"--------------- Scenario: GetBlueCardAppointment [START] ---------------"}
{"level":30,"time":1694699065275,"pid":2518,"hostname":"Davids-MacBook-Pro.local","msg":"Click on book appointment button."}
{"level":30,"time":1694699071615,"pid":2518,"hostname":"Davids-MacBook-Pro.local","msg":"Tick accept terms checkbox."}
{"level":30,"time":1694699071639,"pid":2518,"hostname":"Davids-MacBook-Pro.local","msg":"Click on 'Next' button."}
{"level":30,"time":1694699115408,"pid":2518,"hostname":"Davids-MacBook-Pro.local","msg":"Select citizenship: Kanada"}
{"level":30,"time":1694699115533,"pid":2518,"hostname":"Davids-MacBook-Pro.local","msg":"Select number of applicants: eine Person"}
{"level":30,"time":1694699115571,"pid":2518,"hostname":"Davids-MacBook-Pro.local","msg":"Select with relatives: nein"}
{"level":30,"time":1694699116527,"pid":2518,"hostname":"Davids-MacBook-Pro.local","msg":"--------------- Scenario: GetBlueCardAppointment [END] ---------------"}
{"level":50,"time":1694699116527,"pid":2518,"hostname":"Davids-MacBook-Pro.local","msg":"Expected error encountered: UIError"}
{"level":30,"time":1694699116582,"pid":2518,"hostname":"Davids-MacBook-Pro.local","msg":"--------------- Scenario: GetBlueCardAppointment [START] ---------------"}
{"level":30,"time":1694699118042,"pid":2518,"hostname":"Davids-MacBook-Pro.local","msg":"Click on book appointment button."}
{"level":30,"time":1694699127165,"pid":2518,"hostname":"Davids-MacBook-Pro.local","msg":"Tick accept terms checkbox."}
{"level":30,"time":1694699127192,"pid":2518,"hostname":"Davids-MacBook-Pro.local","msg":"Click on 'Next' button."}
{"level":30,"time":1694699165234,"pid":2518,"hostname":"Davids-MacBook-Pro.local","msg":"Select citizenship: Kanada"}
{"level":30,"time":1694699165358,"pid":2518,"hostname":"Davids-MacBook-Pro.local","msg":"Select number of applicants: eine Person"}
{"level":30,"time":1694699165391,"pid":2518,"hostname":"Davids-MacBook-Pro.local","msg":"Select with relatives: nein"}
{"level":30,"time":1694699166207,"pid":2518,"hostname":"Davids-MacBook-Pro.local","msg":"--------------- Scenario: GetBlueCardAppointment [END] ---------------"}
{"level":50,"time":1694699166207,"pid":2518,"hostname":"Davids-MacBook-Pro.local","msg":"Expected error encountered: UIError"}
{"level":30,"time":1694699166263,"pid":2518,"hostname":"Davids-MacBook-Pro.local","msg":"--------------- Scenario: GetBlueCardAppointment [START] ---------------"}
{"level":30,"time":1694699169507,"pid":2518,"hostname":"Davids-MacBook-Pro.local","msg":"Click on book appointment button."}
{"level":30,"time":1694699175102,"pid":2518,"hostname":"Davids-MacBook-Pro.local","msg":"Tick accept terms checkbox."}
{"level":30,"time":1694699175127,"pid":2518,"hostname":"Davids-MacBook-Pro.local","msg":"Click on 'Next' button."}
{"level":30,"time":1694699221489,"pid":2518,"hostname":"Davids-MacBook-Pro.local","msg":"Select citizenship: Kanada"}
{"level":30,"time":1694699221625,"pid":2518,"hostname":"Davids-MacBook-Pro.local","msg":"Select number of applicants: eine Person"}
{"level":30,"time":1694699221667,"pid":2518,"hostname":"Davids-MacBook-Pro.local","msg":"Select with relatives: nein"}
{"level":30,"time":1694699222400,"pid":2518,"hostname":"Davids-MacBook-Pro.local","msg":"--------------- Scenario: GetBlueCardAppointment [END] ---------------"}
{"level":50,"time":1694699222400,"pid":2518,"hostname":"Davids-MacBook-Pro.local","msg":"Expected error encountered: UIError"}
{"level":30,"time":1694699222455,"pid":2518,"hostname":"Davids-MacBook-Pro.local","msg":"--------------- Scenario: GetBlueCardAppointment [START] ---------------"}
{"level":30,"time":1694699225625,"pid":2518,"hostname":"Davids-MacBook-Pro.local","msg":"Click on book appointment button."}
{"level":30,"time":1694699236273,"pid":2518,"hostname":"Davids-MacBook-Pro.local","msg":"Tick accept terms checkbox."}
{"level":30,"time":1694699236301,"pid":2518,"hostname":"Davids-MacBook-Pro.local","msg":"Click on 'Next' button."}
